FTP: Use MLST/MLSD command to list files
===== 2/10/2012 9:41:45 AM: Job 'PromptVM': SYNC started by User on computer 'MAASCOVMDEV1' =====
PromptVM: ftp://216.129.104.73/Prompt [active] <=forced-PropDels= C:\Websites\PromptVer6\PromptWebsite, SavePrevVers, CleanupPrevVers=30d, CleanupOldGens=12m, TmpDest, EstReq, CopyLocked, DetectMovesAndRenames, DetectFolderMoves, FileLinksDrill, Reconnect=3, CopyCreateTime
Locking folder ftp://216.129.104.73/Prompt for write
Locking folder C:\Websites\PromptVer6\PromptWebsite for write
Create Folder 'ftp://216.129.104.73/Prompt/AnyGantt'
Sync State: /.gitignore
Sync State: /_report_view.aspx
Sync State: /_run_scheduled_tasks.aspx
Sync State: /_searchPage.aspx
Sync State: /admin_announcements_edit.aspx
Sync State: /admin_announcements_show.aspx
Sync State: /admin_budget_pagesettings_edit.aspx
Sync State: /admin_client_maint_list.aspx
Sync State: /admin_CMDMNotes.aspx
Sync State: /admin_CMDMNotes_edit.aspx
Sync State: /admin_project_overview_pagesettings_edit.aspx
Sync State: /admin_user_edit.aspx
Sync State: /admin_user_edit_permissions.aspx
Sync State: /admin_user_role_edit.aspx
Sync State: /admin_user_roles.aspx
Sync State: /admin_users.aspx
Sync State: /administration_main.aspx
Sync State: /administration_settings.aspx
Sync State: /AnyGantt/AnyChart.js
Sync State: /AnyGantt/AnyGantt.swf
Sync State: /AnyGantt/build_gantt.aspx
Sync State: /AnyGantt/export_apprise_project_template.xml
Sync State: /AnyGantt/Preloader.swf
Sync State: /App_Code/cls_Admin.vb
Sync State: /App_Code/cls_Alert.vb
Sync State: /App_Code/cls_Apprise.vb
Sync State: /App_Code/cls_Attachment.vb
Sync State: /App_Code/cls_BondSite.vb
Sync State: /App_Code/cls_Budget.vb
Sync State: /App_Code/cls_Client.vb
Sync State: /App_Code/cls_College.vb
Sync State: /App_Code/cls_Company.vb
Sync State: /App_Code/cls_Contact.vb
Sync State: /App_Code/cls_Contract.vb
Sync State: /App_Code/cls_ContractAmmend.vb
Sync State: /App_Code/cls_Contractor.vb
Sync State: /App_Code/cls_DeleteHelper.vb
Sync State: /App_Code/cls_District.vb
Sync State: /App_Code/cls_EISSecurity.vb
Sync State: /App_Code/cls_EmailNotify.vb
Sync State: /App_Code/cls_EncryptionUtility.vb
Sync State: /App_Code/cls_FE_Budgets.vb
Sync State: /App_Code/cls_Flag.vb
Sync State: /App_Code/cls_Help.vb
Sync State: /App_Code/cls_HoverData.vb
Sync State: /App_Code/cls_InfoBulletin.vb
Sync State: /App_Code/cls_LedgerAccount.vb
Copy Over 'C:\Websites\PromptVer6\PromptWebsite\App_Code\cls_Login.vb' -> 'ftp://216.129.104.73/Prompt/App_Code/cls_Login.vb'
Sync State: /App_Code/cls_Lookup.vb
Sync State: /App_Code/cls_MeetingMinute.vb
Sync State: /App_Code/cls_NavMenu.vb
Sync State: /App_Code/cls_Note.vb
Sync State: /App_Code/cls_Passthrough.vb
Sync State: /App_Code/cls_Photo.vb
Sync State: /App_Code/cls_PMBudget.vb
Sync State: /App_Code/cls_PMBudgetCashFlow.vb
Sync State: /App_Code/cls_ProcurementLog.vb
Sync State: /App_Code/cls_ProgressReport.vb
Sync State: /App_Code/cls_Project.vb
Sync State: /App_Code/cls_Report.vb
Sync State: /App_Code/cls_ReportsServerCredentials.vb
Sync State: /App_Code/cls_ReportTestChild.vb
Sync State: /App_Code/cls_ReportTestParent.vb
Sync State: /App_Code/cls_RFI.vb
Sync State: /App_Code/cls_Schedule.vb
Sync State: /App_Code/cls_Search.vb
Sync State: /App_Code/cls_Submittal.vb
Sync State: /App_Code/cls_TeamMember.vb
Sync State: /App_Code/cls_Transaction.vb
Sync State: /App_Code/cls_Transmittal.vb
Sync State: /App_Code/cls_User.vb
Sync State: /App_Code/cls_UserPrefs.vb
Sync State: /App_Code/cls_Workflow.vb
Sync State: /App_Code/cls_WorkflowRole.vb
Sync State: /App_Code/cls_WorkflowScenerio.vb
Sync State: /App_Code/cls_WorkflowTransfer.vb
Sync State: /App_Data
Sync State: /App_Data/RadSpell
Sync State: /App_Data/RadSpell/en-US.tdf
Sync State: /apprisepm_attachment_upload.aspx
Sync State: /apprisepm_attachments_manage.aspx
Sync State: /attachment_associate_linked.aspx
Sync State: /attachment_dialog_confirm_delete.aspx
Sync State: /attachment_edit.aspx
Sync State: /attachment_folder_adddel.aspx
Sync State: /attachment_get.aspx
Sync State: /attachment_get_linked.aspx
Sync State: /attachment_move.aspx
Sync State: /attachment_upload.aspx
Sync State: /attachment_upload_linked.aspx
Sync State: /attachments.aspx
Sync State: /attachments_manage_insurance.aspx
Sync State: /attachments_manage_linked.aspx
Sync State: /bondsite_currentnews.aspx
Sync State: /bondsite_currentnews_edit.aspx
Sync State: /bondsite_link_edit.aspx
Sync State: /bondsite_links.aspx
Sync State: /bondsite_meeting_edit.aspx
Sync State: /bondsite_meetings.aspx
Sync State: /bondsite_meetings_upload.aspx
Sync State: /bondsite_projectinfo.aspx
Sync State: /bondsite_projectinfo_edit.aspx
Sync State: /budget.aspx
Sync State: /budget_change_batch_edit.aspx
Sync State: /budget_estimate_to_complete_edit.aspx
Sync State: /budget_estimate_to_complete_list.aspx
Sync State: /budget_item_edit.aspx
Sync State: /budget_item_transfer.aspx
Sync State: /budget_items.aspx
Sync State: /budget_reporting_edit.aspx
Sync State: /budget_view_popup.aspx
Sync State: /budgetassumptions_edit.aspx
Sync State: /calendar.aspx
Sync State: /calendar_edit.aspx
Sync State: /cashflow.aspx
Sync State: /cashflow_schedule.aspx
Sync State: /cashflow_version_edit.aspx
Sync State: /cashflow_versions_manage.aspx
Sync State: /client_edit.aspx
Sync State: /college_copy.aspx
Sync State: /college_edit.aspx
Sync State: /college_overview.aspx
Sync State: /companies.aspx
Sync State: /company_edit.aspx
Sync State: /confirm_delete_record.aspx
Sync State: /contact_edit.aspx
Sync State: /contacts.aspx
Sync State: /content.master
Sync State: /contract_changeorder_edit.aspx
Sync State: /contract_edit.aspx
Sync State: /contract_line_items.aspx
Sync State: /contract_lineitem_edit.aspx
Sync State: /contract_noc.aspx
Sync State: /contract_noc_edit.aspx
Sync State: /contract_overview.aspx
Sync State: /Copy of pmbudget.aspx
Sync State: /dashboard.aspx
Sync State: /dashboard_alerts.ascx
Sync State: /dashboard_cboc_admin.aspx
Sync State: /dashboard_cboc_public.aspx
Sync State: /dashboard_cboc_public.master
Sync State: /dashboard_company.aspx
Sync State: /dashboard_company.master
Sync State: /dashboard_company_projectlist.aspx
Sync State: /dashboard_inbox.ascx
Sync State: /dashboard_pmoverview.ascx
Sync State: /dashboard_reports_only.aspx
Sync State: /dashboard_settings.aspx
Sync State: /dashboard_view_attachments.aspx
Sync State: /dashboard_workflow.aspx
Sync State: /delete_error.aspx
Sync State: /delete_record.aspx
Sync State: /district_edit.aspx
Sync State: /EISToolsFile.xml
Sync State: /FE_divisions_edit.aspx
Sync State: /FHDA_Disclaimer_Live.aspx
Sync State: /FHDA_Disclaimer_Static.aspx
Sync State: /fhda_photo_view.aspx
Sync State: /fhda_project_list.aspx
Sync State: /fhda_project_view.aspx
Sync State: /flag_edit.aspx
Sync State: /footer.ascx
Sync State: /general_error.aspx
Sync State: /Global.asax
Sync State: /Handler.ashx
Sync State: /help_edit.aspx
Sync State: /help_view.aspx
Sync State: /images
Sync State: /images/14d.png
Sync State: /images/about.png
Sync State: /images/add.png
Sync State: /images/add_scenerio_step.gif
Sync State: /images/addgroup.png
Sync State: /images/addledger.png
Sync State: /images/alert.gif
Sync State: /images/apprise_logo_button.jpg
Sync State: /images/apprise_pagetop.gif
Sync State: /images/apprise_pagetop.jpg
Sync State: /images/apprise_photo.gif
Sync State: /images/apprise_tab.gif
Sync State: /images/apprisepm_no_attachments.gif
Sync State: /images/arrow_left_green.png
Sync State: /images/arrow_up_green.png
Sync State: /images/associate_attachments.gif
Sync State: /images/attachment_addfolder.gif
Sync State: /images/attachment_delfolder.gif
Sync State: /images/attachment_movefile.gif
Sync State: /images/attachment_remove_small.gif
Sync State: /images/attachment_small.gif
Sync State: /images/attachment_uploadfile.gif
Sync State: /images/beta.jpg
Sync State: /images/bondsite.png
Sync State: /images/book_red.png
Sync State: /images/button_add_contract.gif
Sync State: /images/button_add_contractammend.gif
Sync State: /images/button_add_line.gif
Sync State: /images/button_add_new.gif
Sync State: /images/button_add_new_contract.gif
Sync State: /images/button_add_new_project.gif
Sync State: /images/button_add_note.gif
Sync State: /images/button_add_project.gif
Sync State: /images/button_add_retention.gif
Sync State: /images/button_add_transaction.gif
Sync State: /images/button_budget_allocation_detail_report.gif
Sync State: /images/button_cancel.gif
Sync State: /images/button_close.gif
Sync State: /images/button_delete.gif
Sync State: /images/button_delete_small.gif
Sync State: /images/button_download.gif
Sync State: /images/button_edit.gif
Sync State: /images/button_edit_additional_projectdata.gif
Sync State: /images/button_flag.gif
Sync State: /images/button_folder_view.gif
Sync State: /images/button_forums.gif
Sync State: /images/button_help.gif
Sync State: /images/button_login.gif
Sync State: /images/button_logout.gif
Sync State: /images/button_recalc.gif
Sync State: /images/button_remove_checked.gif
Sync State: /images/button_route.gif
Sync State: /images/button_save.gif
Sync State: /images/button_search.gif
Sync State: /images/button_tasks.gif
Sync State: /images/button_upload_file.gif
Sync State: /images/button_upload_photo.gif
Sync State: /images/buttons.png
Sync State: /images/calendar.png
Sync State: /images/camera2.png
Sync State: /images/camera2_small.png
Sync State: /images/cashier.png
Sync State: /images/change_history.gif
Sync State: /images/changeorders.png
Sync State: /images/check2.png
Sync State: /images/clear.png
Sync State: /images/clipboard.png
Sync State: /images/clipboard_l.png
Sync State: /images/cod.gif
Sync State: /images/column_preferences.png
Sync State: /images/company_big.png
Sync State: /images/company_small.png
Sync State: /images/contact_small.png
Sync State: /images/contacts.png
Sync State: /images/contacts_16.png
Sync State: /images/contacts_24.png
Sync State: /images/contract1.png
Sync State: /images/cube_blue.png
Sync State: /images/cube_green.png
Sync State: /images/cube_yellow.png
Sync State: /images/dashboard.png
Sync State: /images/dashboard_menu_logoff.gif
Sync State: /images/dashboard_menu_paymentbatch_new.gif
Sync State: /images/dashboard_transaction_goto.png
Sync State: /images/data_down.png
Sync State: /images/document_tools.gif
Sync State: /images/document_up.png
Sync State: /images/edit.png
Sync State: /images/edit_button_apprise.gif
Sync State: /images/eis_tab.gif
Sync State: /images/excel.gif
Sync State: /images/exchange.png
Sync State: /images/exit.png
Sync State: /images/exit_big.png
Sync State: /images/export_to_excel.png
Sync State: /images/flag.gif
Sync State: /images/Folder.gif
Sync State: /images/folders.png
Sync State: /images/funnel.png
Sync State: /images/funnel_down.png
Sync State: /images/gear.png
Sync State: /images/gear1.png
Sync State: /images/gear_refresh.png
Sync State: /images/help.png
Sync State: /images/help_big.png
Sync State: /images/home.png
Sync State: /images/home2.png
Sync State: /images/house.png
Sync State: /images/house2.png
Sync State: /images/inbox_big.png
Sync State: /images/inbox_small.png
Sync State: /images/infobulletins.png
Sync State: /images/ledger_account.png
Sync State: /images/ledger_account_edit.png
Sync State: /images/ledger_account_export.gif
Sync State: /images/ledger_allocation_add.png
Sync State: /images/ledger_entry_add.gif
Sync State: /images/ledger_interest_account_add.png
Sync State: /images/leftnav.jpg
Sync State: /images/line-chart.png
Sync State: /images/loading.gif
Sync State: /images/local.jpg
Sync State: /images/loginAs.png
Sync State: /images/loginbg.jpg
Sync State: /images/logo.png
Sync State: /images/logo_beta.png
Sync State: /images/logo_local.png
Sync State: /images/logout_big.png
Sync State: /images/maas_pageheader.gif
Sync State: /images/main_menu.gif
Sync State: /images/meetingminutes.png
Sync State: /images/menu_gotoapprise.gif
Sync State: /images/menu_home.gif
Sync State: /images/menu_logoff.gif
Sync State: /images/menu_reports.gif
Sync State: /images/menu_resolve_big.png
Sync State: /images/menu_save_big.png
Sync State: /images/menu_search.gif
Sync State: /images/menu_tasks.gif
Sync State: /images/message.png
Sync State: /images/money.png
Sync State: /images/money2.png
Sync State: /images/navbg.jpg
Sync State: /images/navbg.png
Sync State: /images/navbg1.png
Sync State: /images/navbg2.png
Sync State: /images/navigate_down2.png
Sync State: /images/navigate_left2.png
Sync State: /images/navigate_right2.png
Sync State: /images/navigate_up2.png
Sync State: /images/navrowbg.gif
Sync State: /images/new_project_group.gif
Sync State: /images/none.gif
Sync State: /images/none.jpg
Sync State: /images/note.png
Sync State: /images/note_add.png
Sync State: /images/pads.png
Sync State: /images/pagetop_apprise_logo.gif
Sync State: /images/pagetop_eis_logo.gif
Sync State: /images/pagetop_prompt_logo.gif
Sync State: /images/pagetop_promptPM_logo.gif
Sync State: /images/paper_clip_small.gif
Sync State: /images/paper_clip_small2.gif
Sync State: /images/passthrough.png
Sync State: /images/passthrough_allocation_add.png
Sync State: /images/photos.png
Sync State: /images/pie-chart.png
Sync State: /images/pin.png
Sync State: /images/printer.png
Sync State: /images/printer3.png
Sync State: /images/procurementlog.png
Sync State: /images/project_group.png
Sync State: /images/project_menu.gif
Sync State: /images/projectgroup.png
Sync State: /images/projectmanager_small.png
Sync State: /images/prompt.ed_logo.png
Sync State: /images/prompt.jpg
Sync State: /images/prompt_beta.gif
Sync State: /images/prompt_bids.gif
Sync State: /images/prompt_big.png
Sync State: /images/prompt_budget.gif
Sync State: /images/prompt_budget_object_codes.png
Sync State: /images/prompt_change_history.gif
Sync State: /images/prompt_change_history.png
Sync State: /images/prompt_college.gif
Sync State: /images/prompt_contract.gif
Sync State: /images/prompt_contract_closed.gif
Sync State: /images/prompt_contract_global_active.gif
Sync State: /images/prompt_contract_global_closed.gif
Sync State: /images/prompt_contract_global_pending.gif
Sync State: /images/prompt_contract_open.gif
Sync State: /images/prompt_contract_pending.gif
Sync State: /images/prompt_district.gif
Sync State: /images/prompt_doc.gif
Sync State: /images/prompt_help.gif
Sync State: /images/prompt_local.gif
Sync State: /images/prompt_nav_sprite.png
Sync State: /images/prompt_note.gif
Sync State: /images/prompt_page.gif
Sync State: /images/prompt_pagetop.gif
Sync State: /images/prompt_pagetop1.gif
Sync State: /images/prompt_pdf.gif
Sync State: /images/prompt_project.gif
Sync State: /images/prompt_project_active.gif
Sync State: /images/prompt_project_cancelled.gif
Sync State: /images/prompt_project_complete.gif
Sync State: /images/prompt_project_consolodated.gif
Sync State: /images/prompt_project_global_active.gif
Sync State: /images/prompt_project_global_cancelled.gif
Sync State: /images/prompt_project_global_complete.gif
Sync State: /images/prompt_project_global_proposed.gif
Sync State: /images/prompt_project_global_suspended.gif
Sync State: /images/prompt_project_group.gif
Sync State: /images/prompt_project_proposed.gif
Sync State: /images/prompt_project_suspended.gif
Sync State: /images/prompt_savetodisk.gif
Sync State: /images/prompt_submittals.gif
Sync State: /images/prompt_task.gif
Sync State: /images/prompt_transactions.gif
Sync State: /images/prompt_xls.gif
Sync State: /images/prompt_zip.gif
Sync State: /images/reports.png
Sync State: /images/reports_16.png
Sync State: /images/reports_24.png
Sync State: /images/rfis1.png
Sync State: /images/route_selected.png
Sync State: /images/route_undo.png
Sync State: /images/schedule.png
Sync State: /images/scheduler_addtask.gif
Sync State: /images/scheduler_collapseall.gif
Sync State: /images/scheduler_expandall.gif
Sync State: /images/scheduler_fitall.gif
Sync State: /images/scheduler_importproject.gif
Sync State: /images/scheduler_print.gif
Sync State: /images/scheduler_save_as_image.gif
Sync State: /images/scheduler_zoomin.gif
Sync State: /images/scheduler_zoomout.gif
Sync State: /images/status_gray.png
Sync State: /images/status_gray1.png
Sync State: /images/status_green.png
Sync State: /images/status_green1.png
Sync State: /images/status_red.png
Sync State: /images/status_red1.png
Sync State: /images/status_yellow.png
Sync State: /images/status_yellow1.png
Sync State: /images/submittals.png
Sync State: /images/tab_attachments.gif
Sync State: /images/tab_attachments.png
Sync State: /images/tab_attachments2.png
Sync State: /images/tab_budget.gif
Sync State: /images/tab_budget.png
Sync State: /images/tab_submittals.gif
Sync State: /images/teammember_delete.png
Sync State: /images/titlebg.gif
Sync State: /images/titlebg.png
Sync State: /images/transaction_dashboard_edit.png
Sync State: /images/transmittallog.png
Sync State: /images/trash.gif
Sync State: /images/tree_node_adminitem.gif
Sync State: /images/tree_node_clients.gif
Sync State: /images/tree_node_college.gif
Sync State: /images/tree_node_district.gif
Sync State: /images/tree_node_districts.gif
Sync State: /images/tree_node_systemadmin.gif
Sync State: /images/triangle_blueS.gif
Sync State: /images/triangle_brownS.gif
Sync State: /images/triangle_greenS.gif
Sync State: /images/triangle_redS.gif
Sync State: /images/triangle_yellowS.gif
Sync State: /images/upload_file_small.gif
Sync State: /images/user_16x.png
Sync State: /images/users.png
Sync State: /images/view.png
Sync State: /images/warning.png
Sync State: /images/workflow_batch_confirm.png
Sync State: /images/workflow_batch_download.png
Sync State: /images/workflow_colorcode.gif
Sync State: /images/workflow_dashboard_small.png
Sync State: /images/workflow_export_transactions_FRS.gif
Sync State: /images/workflow_history.png
Sync State: /images/workflow_history_small.png
Sync State: /images/workflow_send.png
Sync State: /images/workflow_transaction_approved_big.png
Sync State: /images/workflow_transaction_rejected_big.png
Sync State: /images/workflow_transaction_transfer_big.png
Sync State: /images/workflow_transaction_transfer_create.png
Sync State: /images/zoom_in.png
Sync State: /images/zoom_out.png
Sync State: /infobulletin_edit.aspx
Sync State: /infobulletins.aspx
Sync State: /insurance_edit.aspx
Sync State: /JCAFGenerator.aspx
Sync State: /js
Sync State: /js/jquery-1.4.2.min.js
Sync State: /js/jquery-ui.1.8.2.min.js
Sync State: /js/jquery-ui.css
Sync State: /js/jquery.qtip-1.0.0-rc3.min.js
Sync State: /js/jquery.tools.min.js
Sync State: /ledger_account_edit.aspx
Sync State: /ledger_entries.aspx
Sync State: /ledger_entry_edit.aspx
Sync State: /list_show.aspx
Sync State: /lookup_edit.aspx
Sync State: /main.aspx
Sync State: /meetingminutes.aspx
Sync State: /meetingminutes_edit.aspx
Sync State: /move_objects.aspx
Sync State: /note_edit.aspx
Sync State: /notes.aspx
Sync State: /objectcode_edit.aspx
Sync State: /objectcodes_list.aspx
Sync State: /ontimeportal.aspx
Sync State: /P6_budgetdata_import.aspx
Sync State: /P6_data_exchange.aspx
Sync State: /PADS.aspx
Sync State: /PADS_edit.aspx
Sync State: /passthrough_entries_view.aspx
Sync State: /passthrough_entry_add.aspx
Sync State: /passthrough_entry_edit.aspx
Sync State: /password_change.aspx
Sync State: /password_change_expired.aspx
Sync State: /photo_edit.aspx
Sync State: /photo_main_upload.aspx
Sync State: /photos.aspx
Sync State: /pmbudget.aspx
Sync State: /pmbudget_header_edit.aspx
Sync State: /pmbudget_item_edit.aspx
Sync State: /pmbudget_version_edit.aspx
Sync State: /pmbudgets_cashflow.aspx
Sync State: /pmbudgets_versions_manage.aspx
Sync State: /print.css
Sync State: /print.js
Sync State: /procurement_edit.aspx
Sync State: /procurementlog.aspx
Sync State: /project_budget_change_edit.aspx
Sync State: /project_changeorders.ascx
Sync State: /project_edit.aspx
Sync State: /project_edit_additionaldata.aspx
Sync State: /project_group.aspx
Sync State: /project_group_edit.aspx
Sync State: /project_overview.aspx
Sync State: /project_phase_edit.aspx
Sync State: /project_phases_manage.aspx
Sync State: /project_progressreport_edit.aspx
Sync State: /project_progressreports.aspx
Sync State: /Prompt Release notes.pdf
Sync State: /prompt.master
Sync State: /Prompt_Manual.pdf
Sync State: /Report1.rdlc
Sync State: /report_edit.aspx
Sync State: /report_run.aspx
Sync State: /report_viewer.aspx
Sync State: /Reports
Sync State: /Reports/BudgetCost_Report_1.rdlc
Sync State: /Reports/BudgetCost_Report_DD1.rdlc
Sync State: /Reports/ContractorListByDistrict.rdlc
Sync State: /Reports/Contracts_List.rdlc
Sync State: /Reports/ExperimentalBCR.rdlc
Sync State: /reports.aspx
Sync State: /reports_createFHDABudgetCostTable.aspx
Sync State: /retention_edit.aspx
Sync State: /RFI_edit.aspx
Sync State: /RFIs.aspx
Sync State: /rm_reports_list.aspx
Sync State: /rm_test.aspx
Sync State: /schedule.aspx
Sync State: /schedule_edittask.aspx
Sync State: /schedule_export.aspx
Sync State: /schedule_import.aspx
Sync State: /search.aspx
Sync State: /show_last_update_info.aspx
Sync State: /show_query_results.aspx
Sync State: /sje_project_list.aspx
Sync State: /sjeupload.txt
Sync State: /skins
Sync State: /skins/Leftnav
Sync State: /skins/Leftnav/Menu
Sync State: /skins/Leftnav/Menu/Leftnav.gif
Sync State: /skins/Leftnav/Menu/rmSprite.png
Sync State: /skins/Leftnav/Menu/rmVSprite.png
Sync State: /skins/Leftnav/Menu.Leftnav.css
Sync State: /skins/Leftnav/TreeView
Sync State: /skins/Leftnav/TreeView/ItemHoveredBg.png
Sync State: /skins/Leftnav/TreeView/ItemSelectedBg.png
Sync State: /skins/Leftnav/TreeView/Leftnav.gif
Sync State: /skins/Leftnav/TreeView/PlusMinus.png
Sync State: /skins/Leftnav/TreeView/TriState.png
Sync State: /skins/Leftnav/TreeView.Leftnav.css
Sync State: /skins/Prompt
Sync State: /skins/Prompt/_vti_cnf
Sync State: /skins/Prompt/_vti_cnf/Calendar.Prompt.css
Sync State: /skins/Prompt/_vti_cnf/ColorPicker.Prompt.css
Sync State: /skins/Prompt/_vti_cnf/ComboBox.Prompt.css
Sync State: /skins/Prompt/_vti_cnf/Dock.Prompt.css
Sync State: /skins/Prompt/_vti_cnf/Editor.Prompt.css
Sync State: /skins/Prompt/_vti_cnf/FormDecorator.Prompt.css
Sync State: /skins/Prompt/_vti_cnf/Grid.Prompt.css
Sync State: /skins/Prompt/_vti_cnf/Input.Prompt.css
Sync State: /skins/Prompt/_vti_cnf/ListBox.Prompt.css
Sync State: /skins/Prompt/_vti_cnf/ListView.Prompt.css
Sync State: /skins/Prompt/_vti_cnf/Menu.Prompt.css
Sync State: /skins/Prompt/_vti_cnf/PanelBar.Prompt.css
Sync State: /skins/Prompt/_vti_cnf/Rating.Prompt.css
Sync State: /skins/Prompt/_vti_cnf/Rotator.Prompt.css
Sync State: /skins/Prompt/_vti_cnf/Scheduler.Prompt.css
Sync State: /skins/Prompt/_vti_cnf/SiteMap.Prompt.css
Sync State: /skins/Prompt/_vti_cnf/Slider.Prompt.css
Sync State: /skins/Prompt/_vti_cnf/Splitter.Prompt.css
Sync State: /skins/Prompt/_vti_cnf/TabStrip.Prompt.css
Sync State: /skins/Prompt/_vti_cnf/ToolBar.Prompt.css
Sync State: /skins/Prompt/_vti_cnf/ToolTip.Prompt.css
Sync State: /skins/Prompt/_vti_cnf/TreeView.Prompt.css
Sync State: /skins/Prompt/_vti_cnf/Upload.Prompt.css
Sync State: /skins/Prompt/_vti_cnf/Window.Prompt.css
Sync State: /skins/Prompt/Calendar
Sync State: /skins/Prompt/Calendar/_vti_cnf
Sync State: /skins/Prompt/Calendar/_vti_cnf/sprite.gif
Sync State: /skins/Prompt/Calendar/Prompt.gif
Sync State: /skins/Prompt/Calendar/sprite.gif
Sync State: /skins/Prompt/Calendar.Prompt.css
Sync State: /skins/Prompt/ColorPicker
Sync State: /skins/Prompt/ColorPicker/_vti_cnf
Sync State: /skins/Prompt/ColorPicker/_vti_cnf/ColorPickerSprites.gif
Sync State: /skins/Prompt/ColorPicker/ColorPickerSprites.gif
Sync State: /skins/Prompt/ColorPicker/Prompt.gif
Sync State: /skins/Prompt/ColorPicker.Prompt.css
Sync State: /skins/Prompt/ComboBox
Sync State: /skins/Prompt/ComboBox/_vti_cnf
Sync State: /skins/Prompt/ComboBox/_vti_cnf/rcbSprite.png
Sync State: /skins/Prompt/ComboBox/_vti_cnf/rcbSpriteIE6.png
Sync State: /skins/Prompt/ComboBox/Prompt.gif
Sync State: /skins/Prompt/ComboBox/rcbSprite.png
Sync State: /skins/Prompt/ComboBox/rcbSpriteIE6.png
Sync State: /skins/Prompt/ComboBox.Prompt.css
Sync State: /skins/Prompt/Dock
Sync State: /skins/Prompt/Dock/_vti_cnf
Sync State: /skins/Prompt/Dock/_vti_cnf/CommandSprite.gif
Sync State: /skins/Prompt/Dock/_vti_cnf/HorizontalSprite.gif
Sync State: /skins/Prompt/Dock/_vti_cnf/VerticalSprite.gif
Sync State: /skins/Prompt/Dock/CommandSprite.gif
Sync State: /skins/Prompt/Dock/HorizontalSprite.gif
Sync State: /skins/Prompt/Dock/Prompt.gif
Sync State: /skins/Prompt/Dock/TitleBarBgr.gif
Sync State: /skins/Prompt/Dock/VerticalSprite.gif
Sync State: /skins/Prompt/Dock.Prompt.css
Sync State: /skins/Prompt/Editor
Sync State: /skins/Prompt/Editor/_vti_cnf
Sync State: /skins/Prompt/Editor/_vti_cnf/CommandSpritesLight.png
Sync State: /skins/Prompt/Editor/_vti_cnf/CommandSpritesLightIE6.gif
Sync State: /skins/Prompt/Editor/_vti_cnf/CommonIcons.gif
Sync State: /skins/Prompt/Editor/_vti_cnf/ToolbarSprites.gif
Sync State: /skins/Prompt/Editor/_vti_cnf/ToolbarVerticalSprites.gif
Sync State: /skins/Prompt/Editor/CommandSpritesLight.png
Sync State: /skins/Prompt/Editor/CommandSpritesLightIE6.gif
Sync State: /skins/Prompt/Editor/CommonIcons.gif
Sync State: /skins/Prompt/Editor/Prompt.gif
Sync State: /skins/Prompt/Editor/ToolbarSprites.gif
Sync State: /skins/Prompt/Editor/ToolbarVerticalSprites.gif
Sync State: /skins/Prompt/Editor.Prompt.css
Sync State: /skins/Prompt/FormDecorator
Sync State: /skins/Prompt/FormDecorator/_vti_cnf
Sync State: /skins/Prompt/FormDecorator/_vti_cnf/ButtonSprites.gif
Sync State: /skins/Prompt/FormDecorator/_vti_cnf/CheckBoxSprites.gif
Sync State: /skins/Prompt/FormDecorator/_vti_cnf/ComboSprites.gif
Sync State: /skins/Prompt/FormDecorator/_vti_cnf/FieldsetBgr.png
Sync State: /skins/Prompt/FormDecorator/_vti_cnf/RadioButtonSprites.gif
Sync State: /skins/Prompt/FormDecorator/_vti_cnf/RadioButtonSprites.png
Sync State: /skins/Prompt/FormDecorator/ButtonSprites.gif
Sync State: /skins/Prompt/FormDecorator/CheckBoxSprites.gif
Sync State: /skins/Prompt/FormDecorator/ComboSprites.gif
Sync State: /skins/Prompt/FormDecorator/FieldsetBgr.png
Sync State: /skins/Prompt/FormDecorator/Prompt.gif
Sync State: /skins/Prompt/FormDecorator/RadioButtonSprites.gif
Sync State: /skins/Prompt/FormDecorator/RadioButtonSprites.png
Sync State: /skins/Prompt/FormDecorator.Prompt.css
Sync State: /skins/Prompt/Grid
Sync State: /skins/Prompt/Grid/_vti_cnf
Sync State: /skins/Prompt/Grid/_vti_cnf/export.gif
Sync State: /skins/Prompt/Grid/_vti_cnf/sprite.gif
Sync State: /skins/Prompt/Grid/export.gif
Sync State: /skins/Prompt/Grid/loading_small.gif
Sync State: /skins/Prompt/Grid/Prompt.gif
Sync State: /skins/Prompt/Grid/sprite.gif
Sync State: /skins/Prompt/Grid.Prompt.css
Sync State: /skins/Prompt/Input
Sync State: /skins/Prompt/Input/_vti_cnf
Sync State: /skins/Prompt/Input/_vti_cnf/sprite.gif
Sync State: /skins/Prompt/Input/Prompt.gif
Sync State: /skins/Prompt/Input/sprite.gif
Sync State: /skins/Prompt/Input.Prompt.css
Sync State: /skins/Prompt/ListBox
Sync State: /skins/Prompt/ListBox/_vti_cnf
Sync State: /skins/Prompt/ListBox/_vti_cnf/rlbButtonDisabled.png
Sync State: /skins/Prompt/ListBox/_vti_cnf/rlbButtonDisabledIE6.png
Sync State: /skins/Prompt/ListBox/_vti_cnf/rlbButtonHover.png
Sync State: /skins/Prompt/ListBox/_vti_cnf/rlbButtonHoverIE6.png
Sync State: /skins/Prompt/ListBox/_vti_cnf/rlbButtonNormal.png
Sync State: /skins/Prompt/ListBox/_vti_cnf/rlbButtonNormalIE6.png
Sync State: /skins/Prompt/ListBox/_vti_cnf/rlbDropClue.png
Sync State: /skins/Prompt/ListBox/_vti_cnf/rlbSprite.png
Sync State: /skins/Prompt/ListBox/Prompt.gif
Sync State: /skins/Prompt/ListBox/rlbButtonDisabled.png
Sync State: /skins/Prompt/ListBox/rlbButtonDisabledIE6.png
Sync State: /skins/Prompt/ListBox/rlbButtonHover.png
Sync State: /skins/Prompt/ListBox/rlbButtonHoverIE6.png
Sync State: /skins/Prompt/ListBox/rlbButtonNormal.png
Sync State: /skins/Prompt/ListBox/rlbButtonNormalIE6.png
Sync State: /skins/Prompt/ListBox/rlbDropClue.png
Sync State: /skins/Prompt/ListBox/rlbSprite.png
Sync State: /skins/Prompt/ListBox.Prompt.css
Sync State: /skins/Prompt/ListView
Sync State: /skins/Prompt/ListView/CheckBoxSprites.gif
Sync State: /skins/Prompt/ListView/Prompt.gif
Sync State: /skins/Prompt/ListView/sprite.gif
Sync State: /skins/Prompt/ListView.Prompt.css
Sync State: /skins/Prompt/Menu
Sync State: /skins/Prompt/Menu/_vti_cnf
Sync State: /skins/Prompt/Menu/_vti_cnf/rmSprite.png
Sync State: /skins/Prompt/Menu/_vti_cnf/rmVSprite.png
Sync State: /skins/Prompt/Menu/Prompt.gif
Sync State: /skins/Prompt/Menu/rmSprite.png
Sync State: /skins/Prompt/Menu/rmVSprite.png
Sync State: /skins/Prompt/Menu.Prompt.css
Sync State: /skins/Prompt/PanelBar
Sync State: /skins/Prompt/PanelBar/_vti_cnf
Sync State: /skins/Prompt/PanelBar/_vti_cnf/Expandable.png
Sync State: /skins/Prompt/PanelBar/_vti_cnf/RootItemBg.png
Sync State: /skins/Prompt/PanelBar/_vti_cnf/SubItemStates.png
Sync State: /skins/Prompt/PanelBar/Expandable.png
Sync State: /skins/Prompt/PanelBar/Prompt.gif
Sync State: /skins/Prompt/PanelBar/RootItemBg.png
Sync State: /skins/Prompt/PanelBar/SubItemStates.png
Sync State: /skins/Prompt/PanelBar.Prompt.css
Sync State: /skins/Prompt/Prompt.zip
Sync State: /skins/Prompt/Rating
Sync State: /skins/Prompt/Rating/_vti_cnf
Sync State: /skins/Prompt/Rating/_vti_cnf/Sprite.gif
Sync State: /skins/Prompt/Rating/_vti_cnf/Sprite.png
Sync State: /skins/Prompt/Rating/Prompt.gif
Sync State: /skins/Prompt/Rating/Sprite.gif
Sync State: /skins/Prompt/Rating/Sprite.png
Sync State: /skins/Prompt/Rating.Prompt.css
Sync State: /skins/Prompt/Rotator
Sync State: /skins/Prompt/Rotator/_vti_cnf
Sync State: /skins/Prompt/Rotator/_vti_cnf/RotatorButtons.gif
Sync State: /skins/Prompt/Rotator/Prompt.gif
Sync State: /skins/Prompt/Rotator/RotatorButtons.gif
Sync State: /skins/Prompt/Rotator.Prompt.css
Sync State: /skins/Prompt/Scheduler
Sync State: /skins/Prompt/Scheduler/_vti_cnf
Sync State: /skins/Prompt/Scheduler/_vti_cnf/rsAppointmentBg.png
Sync State: /skins/Prompt/Scheduler/_vti_cnf/rsInlineEditHSprite.png
Sync State: /skins/Prompt/Scheduler/_vti_cnf/rsInlineEditVSprite.png
Sync State: /skins/Prompt/Scheduler/_vti_cnf/rsModalOuterBg.png
Sync State: /skins/Prompt/Scheduler/_vti_cnf/rsModalOuterBgIE6.png
Sync State: /skins/Prompt/Scheduler/_vti_cnf/rsSprites.png
Sync State: /skins/Prompt/Scheduler/_vti_cnf/rsSpritesIE6.png
Sync State: /skins/Prompt/Scheduler/Prompt.gif
Sync State: /skins/Prompt/Scheduler/rsAppointmentBg.png
Sync State: /skins/Prompt/Scheduler/rsInlineEditHSprite.png
Sync State: /skins/Prompt/Scheduler/rsInlineEditVSprite.png
Sync State: /skins/Prompt/Scheduler/rsModalOuterBg.png
Sync State: /skins/Prompt/Scheduler/rsModalOuterBgIE6.png
Sync State: /skins/Prompt/Scheduler/rsSprites.png
Sync State: /skins/Prompt/Scheduler/rsSpritesIE6.png
Sync State: /skins/Prompt/Scheduler/sprite.gif
Sync State: /skins/Prompt/Scheduler.Prompt.css
Sync State: /skins/Prompt/SiteMap
Sync State: /skins/Prompt/SiteMap/_vti_cnf
Sync State: /skins/Prompt/SiteMap/_vti_cnf/rsmHover.png
Sync State: /skins/Prompt/SiteMap/Prompt.gif
Sync State: /skins/Prompt/SiteMap/rsmHover.png
Sync State: /skins/Prompt/SiteMap.Prompt.css
Sync State: /skins/Prompt/Slider
Sync State: /skins/Prompt/Slider/_vti_cnf
Sync State: /skins/Prompt/Slider/_vti_cnf/DragHandle.gif
Sync State: /skins/Prompt/Slider/_vti_cnf/DragVerticalHandle.gif
Sync State: /skins/Prompt/Slider/_vti_cnf/Handles.gif
Sync State: /skins/Prompt/Slider/_vti_cnf/HandlesVertical.gif
Sync State: /skins/Prompt/Slider/_vti_cnf/ItemHorizontalBgr.gif
Sync State: /skins/Prompt/Slider/_vti_cnf/ItemVerticalBgr.gif
Sync State: /skins/Prompt/Slider/_vti_cnf/LargeChangeHorizontal.gif
Sync State: /skins/Prompt/Slider/_vti_cnf/LargeChangeMiddleHorizontal.gif
Sync State: /skins/Prompt/Slider/_vti_cnf/LargelChangeCenterVertical.gif
Sync State: /skins/Prompt/Slider/_vti_cnf/LargelChangeVertical.gif
Sync State: /skins/Prompt/Slider/_vti_cnf/SelectedRegionHorizontalBgr.gif
Sync State: /skins/Prompt/Slider/_vti_cnf/SelectedRegionVerticalBgr.gif
Sync State: /skins/Prompt/Slider/_vti_cnf/SmallChangeCenterVertical.gif
Sync State: /skins/Prompt/Slider/_vti_cnf/SmallChangeHorizontal.gif
Sync State: /skins/Prompt/Slider/_vti_cnf/SmallChangeMiddleHorizontal.gif
Sync State: /skins/Prompt/Slider/_vti_cnf/SmallChangeVertical.gif
Sync State: /skins/Prompt/Slider/_vti_cnf/TrackBgr.gif
Sync State: /skins/Prompt/Slider/_vti_cnf/TrackVerticalBgr.gif
Sync State: /skins/Prompt/Slider/DragHandle.gif
Sync State: /skins/Prompt/Slider/DragVerticalHandle.gif
Sync State: /skins/Prompt/Slider/Handles.gif
Sync State: /skins/Prompt/Slider/HandlesVertical.gif
Sync State: /skins/Prompt/Slider/ItemHorizontalBgr.gif
Sync State: /skins/Prompt/Slider/ItemVerticalBgr.gif
Sync State: /skins/Prompt/Slider/LargeChangeHorizontal.gif
Sync State: /skins/Prompt/Slider/LargeChangeMiddleHorizontal.gif
Sync State: /skins/Prompt/Slider/LargelChangeCenterVertical.gif
Sync State: /skins/Prompt/Slider/LargelChangeVertical.gif
Sync State: /skins/Prompt/Slider/Prompt.gif
Sync State: /skins/Prompt/Slider/SelectedRegionHorizontalBgr.gif
Sync State: /skins/Prompt/Slider/SelectedRegionVerticalBgr.gif
Sync State: /skins/Prompt/Slider/SmallChangeCenterVertical.gif
Sync State: /skins/Prompt/Slider/SmallChangeHorizontal.gif
Sync State: /skins/Prompt/Slider/SmallChangeMiddleHorizontal.gif
Sync State: /skins/Prompt/Slider/SmallChangeVertical.gif
Sync State: /skins/Prompt/Slider/TrackBgr.gif
Sync State: /skins/Prompt/Slider/TrackVerticalBgr.gif
Sync State: /skins/Prompt/Slider.Prompt.css
Sync State: /skins/Prompt/Splitter
Sync State: /skins/Prompt/Splitter/_vti_cnf
Sync State: /skins/Prompt/Splitter/_vti_cnf/ExpandCollapseBarsCommands.gif
Sync State: /skins/Prompt/Splitter/_vti_cnf/ResizeBarHorizontalSprites.gif
Sync State: /skins/Prompt/Splitter/_vti_cnf/ResizeBarVerticalSprites.gif
Sync State: /skins/Prompt/Splitter/_vti_cnf/slideTitleContainerBgr.gif
Sync State: /skins/Prompt/Splitter/ExpandCollapseBarsCommands.gif
Sync State: /skins/Prompt/Splitter/Prompt.gif
Sync State: /skins/Prompt/Splitter/ResizeBarHorizontalSprites.gif
Sync State: /skins/Prompt/Splitter/ResizeBarVerticalSprites.gif
Sync State: /skins/Prompt/Splitter/slideTitleContainerBgr.gif
Sync State: /skins/Prompt/Splitter.Prompt.css
Sync State: /skins/Prompt/TabStrip
Sync State: /skins/Prompt/TabStrip/_vti_cnf
Sync State: /skins/Prompt/TabStrip/_vti_cnf/Level2Bg.png
Sync State: /skins/Prompt/TabStrip/_vti_cnf/TabStripStates.png
Sync State: /skins/Prompt/TabStrip/_vti_cnf/TabStripVStates.png
Sync State: /skins/Prompt/TabStrip/Level2Bg.png
Sync State: /skins/Prompt/TabStrip/Prompt.gif
Sync State: /skins/Prompt/TabStrip/TabStripStates.png
Sync State: /skins/Prompt/TabStrip/TabStripVStates.png
Sync State: /skins/Prompt/TabStrip.Prompt.css
Sync State: /skins/Prompt/ToolBar
Sync State: /skins/Prompt/ToolBar/_vti_cnf
Sync State: /skins/Prompt/ToolBar/_vti_cnf/rtbActiveBg.png
Sync State: /skins/Prompt/ToolBar/_vti_cnf/rtbClickedDropArrows.png
Sync State: /skins/Prompt/ToolBar/_vti_cnf/rtbClickedUpArrows.png
Sync State: /skins/Prompt/ToolBar/_vti_cnf/rtbControlBg.png
Sync State: /skins/Prompt/ToolBar/_vti_cnf/rtbDropArrows.png
Sync State: /skins/Prompt/ToolBar/_vti_cnf/rtbDropDownBg.png
Sync State: /skins/Prompt/ToolBar/_vti_cnf/rtbDropDownHover.png
Sync State: /skins/Prompt/ToolBar/_vti_cnf/rtbHoverBg.png
Sync State: /skins/Prompt/ToolBar/_vti_cnf/rtbUpArrows.png
Sync State: /skins/Prompt/ToolBar/_vti_cnf/rtbVerticalControlBg.png
Sync State: /skins/Prompt/ToolBar/Prompt.gif
Sync State: /skins/Prompt/ToolBar/rtbActiveBg.png
Sync State: /skins/Prompt/ToolBar/rtbClickedDropArrows.png
Sync State: /skins/Prompt/ToolBar/rtbClickedUpArrows.png
Sync State: /skins/Prompt/ToolBar/rtbControlBg.png
Sync State: /skins/Prompt/ToolBar/rtbDropArrows.png
Sync State: /skins/Prompt/ToolBar/rtbDropDownBg.png
Sync State: /skins/Prompt/ToolBar/rtbDropDownHover.png
Sync State: /skins/Prompt/ToolBar/rtbHoverBg.png
Sync State: /skins/Prompt/ToolBar/rtbUpArrows.png
Sync State: /skins/Prompt/ToolBar/rtbVerticalControlBg.png
Sync State: /skins/Prompt/ToolBar.Prompt.css
Sync State: /skins/Prompt/ToolTip
Sync State: /skins/Prompt/ToolTip/_vti_cnf
Sync State: /skins/Prompt/ToolTip/_vti_cnf/Callouts.gif
Sync State: /skins/Prompt/ToolTip/_vti_cnf/Loading.gif
Sync State: /skins/Prompt/ToolTip/_vti_cnf/ToolTipSprites.gif
Sync State: /skins/Prompt/ToolTip/_vti_cnf/ToolTipVerticalSprites.gif
Sync State: /skins/Prompt/ToolTip/Callouts.gif
Sync State: /skins/Prompt/ToolTip/Loading.gif
Sync State: /skins/Prompt/ToolTip/Prompt.gif
Sync State: /skins/Prompt/ToolTip/ToolTipSprites.gif
Sync State: /skins/Prompt/ToolTip/ToolTipVerticalSprites.gif
Sync State: /skins/Prompt/ToolTip.Prompt.css
Sync State: /skins/Prompt/TreeView
Sync State: /skins/Prompt/TreeView/_vti_cnf
Sync State: /skins/Prompt/TreeView/_vti_cnf/ItemHoveredBg.png
Sync State: /skins/Prompt/TreeView/_vti_cnf/ItemSelectedBg.png
Sync State: /skins/Prompt/TreeView/_vti_cnf/PlusMinus.png
Sync State: /skins/Prompt/TreeView/_vti_cnf/TriState.png
Sync State: /skins/Prompt/TreeView/ItemHoveredBg.png
Sync State: /skins/Prompt/TreeView/ItemSelectedBg.png
Sync State: /skins/Prompt/TreeView/PlusMinus.png
Sync State: /skins/Prompt/TreeView/Prompt.gif
Sync State: /skins/Prompt/TreeView/TriState.png
Sync State: /skins/Prompt/TreeView.Prompt.css
Sync State: /skins/Prompt/Upload
Sync State: /skins/Prompt/Upload/_vti_cnf
Sync State: /skins/Prompt/Upload/_vti_cnf/ruProgress.gif
Sync State: /skins/Prompt/Upload/_vti_cnf/ruProgressArea.png
Sync State: /skins/Prompt/Upload/_vti_cnf/ruSprite.png
Sync State: /skins/Prompt/Upload/_vti_cnf/ruSpriteIE6.png
Sync State: /skins/Prompt/Upload/Prompt.gif
Sync State: /skins/Prompt/Upload/ruProgress.gif
Sync State: /skins/Prompt/Upload/ruProgressArea.png
Sync State: /skins/Prompt/Upload/ruSprite.png
Sync State: /skins/Prompt/Upload/ruSpriteIE6.png
Sync State: /skins/Prompt/Upload.Prompt.css
Sync State: /skins/Prompt/Window
Sync State: /skins/Prompt/Window/_vti_cnf
Sync State: /skins/Prompt/Window/_vti_cnf/CommandButtonSprites.gif
Sync State: /skins/Prompt/Window/_vti_cnf/WindowHorizontalSprites.gif
Sync State: /skins/Prompt/Window/_vti_cnf/WindowVerticalSprites.gif
Sync State: /skins/Prompt/Window/CommandButtonSprites.gif
Sync State: /skins/Prompt/Window/loading.gif
Sync State: /skins/Prompt/Window/loading_small.gif
Sync State: /skins/Prompt/Window/Prompt.gif
Sync State: /skins/Prompt/Window/WindowHorizontalSprites.gif
Sync State: /skins/Prompt/Window/WindowVerticalSprites.gif
Sync State: /skins/Prompt/Window.Prompt.css
Sync State: /skins/Topnav
Sync State: /skins/Topnav/Menu
Sync State: /skins/Topnav/Menu/rmSprite.png
Sync State: /skins/Topnav/Menu/rmVSprite.png
Sync State: /skins/Topnav/Menu/Topnav.gif
Sync State: /skins/Topnav/Menu.Topnav.css
Sync State: /state14d_edit.aspx
Sync State: /Styles.css
Sync State: /styles_prompt_nav.css
Sync State: /stylesFHDAbond.css
Sync State: /submittal_edit.aspx
Sync State: /submittals.aspx
Sync State: /teammember_edit.aspx
Sync State: /teammembers_manage.aspx
Sync State: /tech_support_email_form.aspx
Sync State: /tech_support_response.aspx
Sync State: /test Git.txt
Sync State: /transactions.aspx
Sync State: /transmittal_edit.aspx
Sync State: /transmittals.aspx
Sync State: /user_activity.aspx
Sync State: /workflow_history_note_add.aspx
Sync State: /workflow_history_view.aspx
Sync State: /workflow_role_edit.aspx
Sync State: /workflow_roles_list.aspx
Sync State: /workflow_route.aspx
Sync State: /workflow_route_multiple.aspx
Sync State: /workflow_scenerio_edit.aspx
Sync State: /workflow_scenerio_owner_edit.aspx
Sync State: /workflow_scenerios_list.aspx
Sync State: /workflow_transaction_import_log_view.aspx
Deleted recycled file ftp://216.129.104.73/Prompt/_gsdata_/_saved_/project_budget_change_edit.aspx
Save State File ftp://216.129.104.73/Prompt/_gsdata_/_file_state_v4._gs
Initialize _saved_ folder tracking in the state: C:\Websites\PromptVer6\PromptWebsite\_gsdata_\_saved_
Deleted recycled file with no state: C:\Websites\PromptVer6\PromptWebsite\_gsdata_\_saved_\ve-3952.tmp
Save State File C:\Websites\PromptVer6\PromptWebsite\_gsdata_\_file_state_v4._gs
Server side changed, upload stamp file ftp://216.129.104.73/Prompt/_gsdata_/_insync_v4.gsl
Delete lock file C:\Websites\PromptVer6\PromptWebsite\_gsdata_\lock.gsl
Items Synced OK: 907, Errors: 0
===== 2/10/2012 9:41:50 AM: Sync Completed. Time: 00:00:07, Speed: 2.36 MB/s =====

